0 info it worked if it ends with ok
1 verbose cli [ '/Users/Admin/.nvm/versions/node/v4.4.4/bin/node',
1 verbose cli   '/Users/Admin/.nvm/versions/node/v4.4.4/bin/npm',
1 verbose cli   'install',
1 verbose cli   'bootstrap' ]
2 info using npm@2.15.1
3 info using node@v4.4.4
4 verbose config Skipping project config: /Users/Admin/.npmrc. (matches userconfig)
5 verbose install initial load of /Users/Admin/package.json
6 verbose installManyTop reading scoped package data from /Users/Admin/node_modules/async/package.json
7 verbose installManyTop reading scoped package data from /Users/Admin/node_modules/colors/package.json
8 verbose installManyTop reading scoped package data from /Users/Admin/node_modules/corser/package.json
9 verbose installManyTop reading scoped package data from /Users/Admin/node_modules/ecstatic/package.json
10 verbose installManyTop reading scoped package data from /Users/Admin/node_modules/eventemitter3/package.json
11 verbose installManyTop reading scoped package data from /Users/Admin/node_modules/he/package.json
12 verbose installManyTop reading scoped package data from /Users/Admin/node_modules/http-proxy/package.json
13 verbose installManyTop reading scoped package data from /Users/Admin/node_modules/http-server/package.json
14 verbose installManyTop reading scoped package data from /Users/Admin/node_modules/mime/package.json
15 verbose installManyTop reading scoped package data from /Users/Admin/node_modules/minimist/package.json
16 verbose installManyTop reading scoped package data from /Users/Admin/node_modules/mkdirp/package.json
17 verbose installManyTop reading scoped package data from /Users/Admin/node_modules/opener/package.json
18 verbose installManyTop reading scoped package data from /Users/Admin/node_modules/optimist/package.json
19 verbose installManyTop reading scoped package data from /Users/Admin/node_modules/portfinder/package.json
20 verbose installManyTop reading scoped package data from /Users/Admin/node_modules/qs/package.json
21 verbose installManyTop reading scoped package data from /Users/Admin/node_modules/requires-port/package.json
22 verbose installManyTop reading scoped package data from /Users/Admin/node_modules/union/package.json
23 verbose installManyTop reading scoped package data from /Users/Admin/node_modules/url-join/package.json
24 verbose installManyTop reading scoped package data from /Users/Admin/node_modules/wordwrap/package.json
25 info package.json async@0.9.0 No license field.
26 info package.json mime@1.3.4 No license field.
27 info package.json optimist@0.6.1 license should be a valid SPDX license expression
28 info package.json union@0.4.4 No license field.
29 info package.json portfinder@0.4.0 license should be a valid SPDX license expression
30 info package.json qs@2.3.3 No license field.
31 verbose readDependencies loading dependencies from /Users/Admin/package.json
32 silly cache add args [ 'bootstrap', null ]
33 verbose cache add spec bootstrap
34 silly cache add parsed spec Result {
34 silly cache add   raw: 'bootstrap',
34 silly cache add   scope: null,
34 silly cache add   name: 'bootstrap',
34 silly cache add   rawSpec: '',
34 silly cache add   spec: 'latest',
34 silly cache add   type: 'tag' }
35 silly addNamed bootstrap@latest
36 verbose addNamed "latest" is being treated as a dist-tag for bootstrap
37 info addNameTag [ 'bootstrap', 'latest' ]
38 silly mapToRegistry name bootstrap
39 silly mapToRegistry using default registry
40 silly mapToRegistry registry https://registry.npmjs.org/
41 silly mapToRegistry data Result {
41 silly mapToRegistry   raw: 'bootstrap',
41 silly mapToRegistry   scope: null,
41 silly mapToRegistry   name: 'bootstrap',
41 silly mapToRegistry   rawSpec: '',
41 silly mapToRegistry   spec: 'latest',
41 silly mapToRegistry   type: 'tag' }
42 silly mapToRegistry uri https://registry.npmjs.org/bootstrap
43 verbose addNameTag registry:https://registry.npmjs.org/bootstrap not in flight; fetching
44 verbose request uri https://registry.npmjs.org/bootstrap
45 verbose request no auth needed
46 info attempt registry request try #1 at 10:56:35 AM
47 verbose request id d42788016876967d
48 verbose etag "C4BXK3AJ1A3HOII5WYCEAM3MS"
49 http request GET https://registry.npmjs.org/bootstrap
50 http 200 https://registry.npmjs.org/bootstrap
51 verbose headers { server: 'CouchDB/1.5.0 (Erlang OTP/R16B03)',
51 verbose headers   etag: '"R7WVQIBY18UM064DQ045JNDU"',
51 verbose headers   'content-type': 'application/json',
51 verbose headers   'content-encoding': 'gzip',
51 verbose headers   'cache-control': 'max-age=300',
51 verbose headers   'content-length': '8023',
51 verbose headers   'accept-ranges': 'bytes',
51 verbose headers   date: 'Thu, 23 Jun 2016 15:56:33 GMT',
51 verbose headers   via: '1.1 varnish',
51 verbose headers   age: '156',
51 verbose headers   connection: 'keep-alive',
51 verbose headers   'x-served-by': 'cache-jfk1025-JFK',
51 verbose headers   'x-cache': 'HIT',
51 verbose headers   'x-cache-hits': '1',
51 verbose headers   'x-timer': 'S1466697393.107490,VS0,VE0',
51 verbose headers   vary: 'Accept-Encoding' }
52 silly get cb [ 200,
52 silly get   { server: 'CouchDB/1.5.0 (Erlang OTP/R16B03)',
52 silly get     etag: '"R7WVQIBY18UM064DQ045JNDU"',
52 silly get     'content-type': 'application/json',
52 silly get     'content-encoding': 'gzip',
52 silly get     'cache-control': 'max-age=300',
52 silly get     'content-length': '8023',
52 silly get     'accept-ranges': 'bytes',
52 silly get     date: 'Thu, 23 Jun 2016 15:56:33 GMT',
52 silly get     via: '1.1 varnish',
52 silly get     age: '156',
52 silly get     connection: 'keep-alive',
52 silly get     'x-served-by': 'cache-jfk1025-JFK',
52 silly get     'x-cache': 'HIT',
52 silly get     'x-cache-hits': '1',
52 silly get     'x-timer': 'S1466697393.107490,VS0,VE0',
52 silly get     vary: 'Accept-Encoding' } ]
53 verbose get saving bootstrap to /Users/Admin/.npm/registry.npmjs.org/bootstrap/.cache.json
54 verbose correctMkdir /Users/Admin/.npm correctMkdir not in flight; initializing
55 silly addNameTag next cb for bootstrap with tag latest
56 silly addNamed bootstrap@3.3.6
57 verbose addNamed "3.3.6" is a plain semver version for bootstrap
58 silly cache afterAdd bootstrap@3.3.6
59 verbose afterAdd /Users/Admin/.npm/bootstrap/3.3.6/package/package.json not in flight; writing
60 verbose correctMkdir /Users/Admin/.npm correctMkdir not in flight; initializing
61 verbose afterAdd /Users/Admin/.npm/bootstrap/3.3.6/package/package.json written
62 silly install resolved [ { name: 'bootstrap',
62 silly install resolved     description: 'The most popular front-end framework for developing responsive, mobile first projects on the web.',
62 silly install resolved     version: '3.3.6',
62 silly install resolved     keywords:
62 silly install resolved      [ 'css',
62 silly install resolved        'less',
62 silly install resolved        'mobile-first',
62 silly install resolved        'responsive',
62 silly install resolved        'front-end',
62 silly install resolved        'framework',
62 silly install resolved        'web' ],
62 silly install resolved     homepage: 'http://getbootstrap.com',
62 silly install resolved     author: { name: 'Twitter, Inc.' },
62 silly install resolved     scripts: { test: 'grunt test' },
62 silly install resolved     style: 'dist/css/bootstrap.css',
62 silly install resolved     less: 'less/bootstrap.less',
62 silly install resolved     main: './dist/js/npm',
62 silly install resolved     repository:
62 silly install resolved      { type: 'git',
62 silly install resolved        url: 'git+https://github.com/twbs/bootstrap.git' },
62 silly install resolved     bugs: { url: 'https://github.com/twbs/bootstrap/issues' },
62 silly install resolved     license: 'MIT',
62 silly install resolved     devDependencies:
62 silly install resolved      { btoa: '~1.1.2',
62 silly install resolved        glob: '~6.0.1',
62 silly install resolved        grunt: '~0.4.5',
62 silly install resolved        'grunt-autoprefixer': '~3.0.3',
62 silly install resolved        'grunt-contrib-clean': '~0.6.0',
62 silly install resolved        'grunt-contrib-compress': '~0.14.0',
62 silly install resolved        'grunt-contrib-concat': '~0.5.1',
62 silly install resolved        'grunt-contrib-connect': '~0.11.2',
62 silly install resolved        'grunt-contrib-copy': '~0.8.0',
62 silly install resolved        'grunt-contrib-csslint': '~0.5.0',
62 silly install resolved        'grunt-contrib-cssmin': '~0.14.0',
62 silly install resolved        'grunt-contrib-htmlmin': '~0.6.0',
62 silly install resolved        'grunt-contrib-jade': '~0.15.0',
62 silly install resolved        'grunt-contrib-jshint': '~0.11.2',
62 silly install resolved        'grunt-contrib-less': '~1.1.0',
62 silly install resolved        'grunt-contrib-qunit': '~0.7.0',
62 silly install resolved        'grunt-contrib-uglify': '~0.9.2',
62 silly install resolved        'grunt-contrib-watch': '~0.6.1',
62 silly install resolved        'grunt-csscomb': '~3.1.0',
62 silly install resolved        'grunt-exec': '~0.4.6',
62 silly install resolved        'grunt-html': '~5.0.1',
62 silly install resolved        'grunt-jekyll': '~0.4.2',
62 silly install resolved        'grunt-jscs': '~2.3.0',
62 silly install resolved        'grunt-saucelabs': '~8.6.1',
62 silly install resolved        'grunt-sed': 'github:twbs/grunt-sed#v0.2.0',
62 silly install resolved        'load-grunt-tasks': '~3.3.0',
62 silly install resolved        'markdown-it': '^5.0.0',
62 silly install resolved        'npm-shrinkwrap': '^200.4.0',
62 silly install resolved        'time-grunt': '^1.2.1' },
62 silly install resolved     engines: { node: '>=0.10.1' },
62 silly install resolved     files:
62 silly install resolved      [ 'dist',
62 silly install resolved        'fonts',
62 silly install resolved        'grunt',
62 silly install resolved        'js/*.js',
62 silly install resolved        'less/**/*.less',
62 silly install resolved        'Gruntfile.js',
62 silly install resolved        'LICENSE' ],
62 silly install resolved     jspm: { main: 'js/bootstrap', shim: [Object], files: [Object] },
62 silly install resolved     gitHead: '81df608a40bf0629a1dc08e584849bb1e43e0b7a',
62 silly install resolved     _id: 'bootstrap@3.3.6',
62 silly install resolved     _shasum: '8de8f749dc8a743f2ac5b510d988371e3daa6589',
62 silly install resolved     _from: 'bootstrap@latest',
62 silly install resolved     _npmVersion: '2.11.3',
62 silly install resolved     _nodeVersion: '0.12.7',
62 silly install resolved     _npmUser: { name: 'twbs', email: 'getbootstrap@gmail.com' },
62 silly install resolved     dist:
62 silly install resolved      { shasum: '8de8f749dc8a743f2ac5b510d988371e3daa6589',
62 silly install resolved        tarball: 'https://registry.npmjs.org/bootstrap/-/bootstrap-3.3.6.tgz' },
62 silly install resolved     maintainers: [ [Object] ],
62 silly install resolved     directories: {},
62 silly install resolved     _resolved: 'https://registry.npmjs.org/bootstrap/-/bootstrap-3.3.6.tgz',
62 silly install resolved     readme: 'ERROR: No README data found!' } ]
63 info install bootstrap@3.3.6 into /Users/Admin
64 info installOne bootstrap@3.3.6
65 verbose installOne of bootstrap to /Users/Admin not in flight; installing
66 verbose correctMkdir /Users/Admin/.npm/_locks correctMkdir not in flight; initializing
67 verbose lock using /Users/Admin/.npm/_locks/bootstrap-7fdd5a382a536403.lock for /Users/Admin/node_modules/bootstrap
68 silly install write writing bootstrap 3.3.6 to /Users/Admin/node_modules/bootstrap
69 verbose unbuild node_modules/bootstrap
70 silly gentlyRm /Users/Admin/node_modules/bootstrap is being purged from base /Users/Admin
71 verbose gentlyRm don't care about contents; nuking /Users/Admin/node_modules/bootstrap
72 verbose tar unpack /Users/Admin/.npm/bootstrap/3.3.6/package.tgz
73 verbose tar unpacking to /Users/Admin/node_modules/bootstrap
74 silly gentlyRm /Users/Admin/node_modules/bootstrap is being purged
75 verbose gentlyRm don't care about contents; nuking /Users/Admin/node_modules/bootstrap
76 silly gunzTarPerm modes [ '755', '644' ]
77 error tar.unpack untar error /Users/Admin/.npm/bootstrap/3.3.6/package.tgz
78 verbose unlock done using /Users/Admin/.npm/_locks/bootstrap-7fdd5a382a536403.lock for /Users/Admin/node_modules/bootstrap
79 verbose fstream_path /Users/Admin/node_modules/bootstrap
80 verbose fstream_type Directory
81 verbose fstream_class DirWriter
82 verbose stack Error: EACCES: permission denied, mkdir '/Users/Admin/node_modules/bootstrap'
82 verbose stack     at Error (native)
83 verbose fstream_stack /Users/Admin/.nvm/versions/node/v4.4.4/lib/node_modules/npm/node_modules/fstream/lib/dir-writer.js:35:25
83 verbose fstream_stack /Users/Admin/.nvm/versions/node/v4.4.4/lib/node_modules/npm/node_modules/mkdirp/index.js:47:53
83 verbose fstream_stack FSReqWrap.oncomplete (fs.js:82:15)
84 verbose cwd /Users/Admin/workspace/exercises/mjd/calculator
85 error Darwin 14.1.0
86 error argv "/Users/Admin/.nvm/versions/node/v4.4.4/bin/node" "/Users/Admin/.nvm/versions/node/v4.4.4/bin/npm" "install" "bootstrap"
87 error node v4.4.4
88 error npm  v2.15.1
89 error path /Users/Admin/node_modules/bootstrap
90 error code EACCES
91 error errno -13
92 error syscall mkdir
93 error Error: EACCES: permission denied, mkdir '/Users/Admin/node_modules/bootstrap'
93 error     at Error (native)
93 error  { [Error: EACCES: permission denied, mkdir '/Users/Admin/node_modules/bootstrap']
93 error   errno: -13,
93 error   code: 'EACCES',
93 error   syscall: 'mkdir',
93 error   path: '/Users/Admin/node_modules/bootstrap',
93 error   fstream_type: 'Directory',
93 error   fstream_path: '/Users/Admin/node_modules/bootstrap',
93 error   fstream_class: 'DirWriter',
93 error   fstream_stack:
93 error    [ '/Users/Admin/.nvm/versions/node/v4.4.4/lib/node_modules/npm/node_modules/fstream/lib/dir-writer.js:35:25',
93 error      '/Users/Admin/.nvm/versions/node/v4.4.4/lib/node_modules/npm/node_modules/mkdirp/index.js:47:53',
93 error      'FSReqWrap.oncomplete (fs.js:82:15)' ] }
94 error Please try running this command again as root/Administrator.
95 verbose exit [ -13, true ]
96 verbose unbuild node_modules/bootstrap
97 silly gentlyRm /Users/Admin/node_modules/bootstrap is being purged from base /Users/Admin
98 verbose gentlyRm don't care about contents; nuking /Users/Admin/node_modules/bootstrap
